<?xml version="1.0" encoding="UTF-8"?>
<testng-results skipped="0" failed="0" ignored="0" total="1" passed="1">
  <reporter-output>
  </reporter-output>
  <suite name="Default suite" duration-ms="38599" started-at="2019-01-09T04:14:09Z" finished-at="2019-01-09T04:14:47Z">
    <groups>
    </groups>
    <test name="Default test" duration-ms="38599" started-at="2019-01-09T04:14:09Z" finished-at="2019-01-09T04:14:47Z">
      <class name="allPagesTest.PriceFilter">
        <test-method status="PASS" signature="openBrowser()[pri:0, instance:allPagesTest.PriceFilter@1a1d6a08]" name="openBrowser" is-config="true" duration-ms="10589" started-at="2019-01-09T04:14:09Z" finished-at="2019-01-09T04:14:19Z">
          <reporter-output>
          </reporter-output>
        </test-method> <!-- openBrowser -->
        <test-method status="PASS" signature="priceFilter()[pri:0, instance:allPagesTest.PriceFilter@1a1d6a08]" name="priceFilter" duration-ms="27987" started-at="2019-01-09T04:14:19Z" finished-at="2019-01-09T04:14:47Z">
          <reporter-output>
          </reporter-output>
        </test-method> <!-- priceFilter -->
        <test-method status="PASS" signature="closeBrowser()[pri:0, instance:allPagesTest.PriceFilter@1a1d6a08]" name="closeBrowser" is-config="true" duration-ms="0" started-at="2019-01-09T04:14:47Z" finished-at="2019-01-09T04:14:47Z">
          <reporter-output>
          </reporter-output>
        </test-method> <!-- closeBrowser -->
      </class> <!-- allPagesTest.PriceFilter -->
    </test> <!-- Default test -->
  </suite> <!-- Default suite -->
</testng-results>
